<?xml version="1.0" encoding="UTF-8"?>
<!-- Generated by org.testng.reporters.JUnitXMLReporter -->
<testsuite ignored="0" hostname="Indus-MacBook-Pro.local" failures="0" tests="1" name="Default test" time="0.035" errors="0" timestamp="2020-09-03T15:30:07 EDT">
  <testcase classname="Pages.BaseClass" name="@BeforeSuite setUpSuite" time="0.586">
    <failure type="java.lang.NullPointerException">
      <![CDATA[java.lang.NullPointerException
at Pages.BaseClass.setUpSuite(BaseClass.java:41)
at java.base/jdk.internal.reflect.NativeMethodAccessorImpl.invoke0(Native Method)
at java.base/jdk.internal.reflect.NativeMethodAccessorImpl.invoke(NativeMethodAccessorImpl.java:62)
at java.base/jdk.internal.reflect.DelegatingMethodAccessorImpl.invoke(DelegatingMethodAccessorImpl.java:43)
at java.base/java.lang.reflect.Method.invoke(Method.java:567)
at org.testng.internal.MethodInvocationHelper.invokeMethod(MethodInvocationHelper.java:135)
at org.testng.internal.MethodInvocationHelper.invokeMethodConsideringTimeout(MethodInvocationHelper.java:64)
at org.testng.internal.ConfigInvoker.invokeConfigurationMethod(ConfigInvoker.java:364)
at org.testng.internal.ConfigInvoker.invokeConfigurations(ConfigInvoker.java:318)
at org.testng.SuiteRunner.privateRun(SuiteRunner.java:327)
at org.testng.SuiteRunner.run(SuiteRunner.java:286)
at org.testng.SuiteRunnerWorker.runSuite(SuiteRunnerWorker.java:53)
at org.testng.SuiteRunnerWorker.run(SuiteRunnerWorker.java:96)
at org.testng.TestNG.runSuitesSequentially(TestNG.java:1214)
at org.testng.TestNG.runSuitesLocally(TestNG.java:1136)
at org.testng.TestNG.runSuites(TestNG.java:1066)
at org.testng.TestNG.run(TestNG.java:1034)
at org.testng.remote.AbstractRemoteTestNG.run(AbstractRemoteTestNG.java:115)
at org.testng.remote.RemoteTestNG.initAndRun(RemoteTestNG.java:251)
at org.testng.remote.RemoteTestNG.main(RemoteTestNG.java:77)
]]>
    </failure>
  </testcase> <!-- @BeforeSuite setUpSuite -->
  <testcase classname="Pages.BaseClass" name="@BeforeClass setUp" time="-1.599161407131E9">
    <skipped/>
  </testcase> <!-- @BeforeClass setUp -->
  <testcase classname="Pages.BaseClass" name="@AfterMethod afterMethod" time="-1.599161407143E9">
    <skipped/>
  </testcase> <!-- @AfterMethod afterMethod -->
  <testcase classname="Pages.BaseClass" name="@AfterClass tearDown" time="-1.599161407148E9">
    <skipped/>
  </testcase> <!-- @AfterClass tearDown -->
  <testcase classname="TestCases.LoginTestCRM" name="loginTest_ValidCredentials" time="0.0">
    <skipped/>
  </testcase> <!-- loginTest_ValidCredentials -->
</testsuite> <!-- Default test -->
