<?xml version="1.0" encoding="UTF-8"?>
<testng-results ignored="0" total="2" passed="2" failed="0" skipped="0">
  <reporter-output>
  </reporter-output>
  <suite started-at="2020-05-21T10:57:35Z" name="Default suite" finished-at="2020-05-21T10:57:37Z" duration-ms="2216">
    <groups>
    </groups>
    <test started-at="2020-05-21T10:57:35Z" name="Default test" finished-at="2020-05-21T10:57:37Z" duration-ms="2216">
      <class name="com.Rest.Practice.PostRequest">
        <test-method signature="postRequestValidation()[pri:1, instance:com.Rest.Practice.PostRequest@5d7148e2]" started-at="2020-05-21T06:57:35Z" name="postRequestValidation" description="Validaion of POST request using JSONObject" finished-at="2020-05-21T06:57:37Z" duration-ms="1839" status="PASS">
          <reporter-output>
          </reporter-output>
        </test-method> <!-- postRequestValidation -->
        <test-method signature="validatePostRequestWithJsonFile()[pri:2, instance:com.Rest.Practice.PostRequest@5d7148e2]" started-at="2020-05-21T06:57:37Z" name="validatePostRequestWithJsonFile" description="Validation of POST request usin JSON File" finished-at="2020-05-21T06:57:37Z" duration-ms="336" status="PASS">
          <reporter-output>
          </reporter-output>
        </test-method> <!-- validatePostRequestWithJsonFile -->
      </class> <!-- com.Rest.Practice.PostRequest -->
    </test> <!-- Default test -->
  </suite> <!-- Default suite -->
</testng-results>
