<?xml version="1.0" encoding="UTF-8"?>
<testng-results ignored="0" total="1" passed="1" failed="0" skipped="0">
  <reporter-output>
  </reporter-output>
  <suite started-at="2020-04-24T22:29:51 EDT" name="Default suite" finished-at="2020-04-24T22:29:52 EDT" duration-ms="1411">
    <groups>
    </groups>
    <test started-at="2020-04-24T22:29:51 EDT" name="Default test" finished-at="2020-04-24T22:29:52 EDT" duration-ms="1411">
      <class name="com.qa.test.PostAPITest">
        <test-method is-config="true" signature="SetUp()[pri:0, instance:com.qa.test.PostAPITest@3b2cf7ab]" started-at="2020-04-24T22:29:51 EDT" name="SetUp" finished-at="2020-04-24T22:29:51 EDT" duration-ms="5" status="PASS">
          <reporter-output>
          </reporter-output>
        </test-method> <!-- SetUp -->
        <test-method signature="postRequestValidation()[pri:0, instance:com.qa.test.PostAPITest@3b2cf7ab]" started-at="2020-04-24T22:29:51 EDT" name="postRequestValidation" finished-at="2020-04-24T22:29:52 EDT" duration-ms="1355" status="PASS">
          <reporter-output>
          </reporter-output>
        </test-method> <!-- postRequestValidation -->
      </class> <!-- com.qa.test.PostAPITest -->
    </test> <!-- Default test -->
  </suite> <!-- Default suite -->
</testng-results>
