<?xml version="1.0" encoding="UTF-8"?>
<!-- Generated by org.testng.reporters.JUnitXMLReporter -->
<testsuite ignored="0" hostname="Indus-MacBook-Pro.local" failures="0" tests="2" name="Default test" time="2.216" errors="0" timestamp="21 May 2020 10:57:37 GMT">
  <testcase classname="com.Rest.Practice.PostRequest" name="postRequestValidation" time="1.839"/>
  <testcase classname="com.Rest.Practice.PostRequest" name="validatePostRequestWithJsonFile" time="0.336"/>
</testsuite> <!-- Default test -->
