<?xml version="1.0" encoding="UTF-8"?>
<testng-results ignored="0" total="1" passed="1" failed="0" skipped="0">
  <reporter-output>
  </reporter-output>
  <suite started-at="2020-09-03T16:27:52 EDT" name="Suite" finished-at="2020-09-03T16:28:01 EDT" duration-ms="8933">
    <groups>
    </groups>
    <test started-at="2020-09-03T16:27:52 EDT" name="Test" finished-at="2020-09-03T16:28:01 EDT" duration-ms="8933">
      <class name="TestCases.LoginTestCRM">
        <test-method is-config="true" signature="setUpSuite()[pri:0, instance:TestCases.LoginTestCRM@7ff95560]" started-at="2020-09-03T16:27:51 EDT" name="setUpSuite" finished-at="2020-09-03T16:27:52 EDT" duration-ms="655" status="PASS">
          <reporter-output>
          </reporter-output>
        </test-method> <!-- setUpSuite -->
        <test-method is-config="true" signature="setUp()[pri:0, instance:TestCases.LoginTestCRM@7ff95560]" started-at="2020-09-03T16:27:52 EDT" name="setUp" finished-at="2020-09-03T16:27:55 EDT" duration-ms="2835" status="PASS">
          <reporter-output>
          </reporter-output>
        </test-method> <!-- setUp -->
        <test-method signature="loginTest_ValidCredentials()[pri:0, instance:TestCases.LoginTestCRM@7ff95560]" started-at="2020-09-03T16:27:55 EDT" name="loginTest_ValidCredentials" finished-at="2020-09-03T16:28:00 EDT" duration-ms="5519" status="PASS">
          <reporter-output>
          </reporter-output>
        </test-method> <!-- loginTest_ValidCredentials -->
        <test-method is-config="true" signature="afterMethod(org.testng.ITestResult)[pri:0, instance:TestCases.LoginTestCRM@7ff95560]" started-at="2020-09-03T16:28:00 EDT" name="afterMethod" finished-at="2020-09-03T16:28:01 EDT" duration-ms="461" status="PASS">
          <params>
            <param index="0">
              <value>
                <![CDATA[[TestResult name=loginTest_ValidCredentials status=SUCCESS method=LoginTestCRM.loginTest_ValidCredentials()[pri:0, instance:TestCases.LoginTestCRM@7ff95560] output={null}]]]>
              </value>
            </param>
          </params>
          <reporter-output>
          </reporter-output>
        </test-method> <!-- afterMethod -->
        <test-method is-config="true" signature="tearDown()[pri:0, instance:TestCases.LoginTestCRM@7ff95560]" started-at="2020-09-03T16:28:01 EDT" name="tearDown" finished-at="2020-09-03T16:28:01 EDT" duration-ms="76" status="PASS">
          <reporter-output>
          </reporter-output>
        </test-method> <!-- tearDown -->
      </class> <!-- TestCases.LoginTestCRM -->
    </test> <!-- Test -->
  </suite> <!-- Suite -->
</testng-results>
